malloc(): unsorted double linked list corrupted
malloc(): unsorted double linked list corrupted

Program received signal SIGABRT: Process abort signal.

Backtrace for this error:

Program received signal SIGABRT: Process abort signal.

Backtrace for this error:
#0  0x1e9aad6 in ???
#1  0x1e9a1a1 in ???
#2  0x14ca5906378f in ???
#3  0x14ca590b17ac in ???
#4  0x14ca590636f1 in ???
#5  0x14ca5904d4b1 in ???
#6  0x14ca5904e400 in ???
#7  0x14ca590bb154 in ???
#8  0x14ca590be47b in ???
#9  0x14ca590bf358 in ???
#10  0x14ca5811222e in ucs_malloc
	at debug/memtrack.c:320
#11  0x14ca58106aec in ucs_mpool_chunk_malloc
	at datastruct/mpool.c:328
#12  0x14ca58106843 in ucs_mpool_grow
	at datastruct/mpool.c:266
#13  0x14ca58106a44 in ucs_mpool_get_grow
	at datastruct/mpool.c:312
#14  0x14ca555632c5 in uct_rc_txqp_add_flush_comp
	at /tmp/ebuser/avx2/UCX/1.16.0/GCCcore-13.3-gentoo/ucx-1.16.0/src/uct/ib/rc/base/rc_ep.h:418
#15  0x14ca555632c5 in uct_rc_mlx5_ep_flush
	at rc/accel/rc_mlx5_ep.c:638
malloc(): unsorted double linked list corrupted
#16  0x14ca581a3a6d in uct_ep_flush
	at /tmp/ebuser/avx2/UCX/1.16.0/GCCcore-13.3-gentoo/ucx-1.16.0/src/uct/api/uct.h:3244
#17  0x14ca581a3a6d in ucp_ep_flush_progress
	at rma/flush.c:121
#18  0x14ca581a4284 in ucp_ep_flush_internal
	at rma/flush.c:413

Program received signal SIGABRT: Process abort signal.

Backtrace for this error:
#19  0x14ca5817a32c in ucp_ep_close_nbx
	at core/ucp_ep.c:1726
#20  0x14ca5817a519 in ucp_ep_close_nb
	at core/ucp_ep.c:1695
#21  0x14ca555b7314 in ???
#22  0x14ca555b7468 in ???
#23  0x14ca5809a7a8 in ???
#24  0x14ca5929093c in ???
#25  0x14ca58f3cc19 in ???
#26  0x14ca58f328ae in ???
#27  0x14ca5928af38 in ???
#28  0x14ca59291ac3 in ???
#29  0x14ca5929300c in ???
#30  0x14ca592874c2 in ???
#31  0x14ca59fd66f8 in ???
#32  0x14ca5a01e791 in ???
#33  0x1cbec09 in __comms_MOD_comms_finalise
	at ../../../Source/Utility/comms.mpi.F90:765
#34  0x42d5f7 in __castep_MOD_castep_finalise
	at ../../../Source/Functional/castep.f90:7042
#35  0x40dec3 in MAIN__
	at ../../../Source/main.f90:101
#36  0x40a668 in main
	at ../../../Source/main.f90:32
malloc(): unsorted double linked list corrupted

Program received signal SIGABRT: Process abort signal.

Backtrace for this error:
#0  0x1e9aad6 in ???
#1  0x1e9a1a1 in ???
#2  0x145f6eb6b78f in ???
#3  0x145f6ebb97ac in ???
#4  0x145f6eb6b6f1 in ???
#5  0x145f6eb554b1 in ???
#6  0x145f6eb56400 in ???
#7  0x145f6ebc3154 in ???
#8  0x145f6ebc647b in ???
#9  0x145f6ebc7358 in ???
#10  0x145f6e09a22e in ucs_malloc
	at debug/memtrack.c:320
#11  0x145f6afaa3c0 in uct_rc_mlx5_ep_t_cleanup
	at rc/accel/rc_mlx5_ep.c:1110
#12  0x145f6e0a8a8d in ucs_class_call_cleanup_chain
	at type/class.c:56
#13  0x145f6afb2747 in uct_rc_mlx5_ep_t_delete
	at rc/accel/rc_mlx5_ep.c:1139
#14  0x145f6db7534a in ucp_ep_cleanup_lanes
	at core/ucp_ep.c:1579
#15  0x145f6db75418 in ucp_ep_destroy_internal
	at core/ucp_ep.c:1282
#16  0x145f6db85aa1 in ucp_worker_destroy_eps
	at core/ucp_worker.c:2841
#17  0x145f6db8a933 in ucp_worker_destroy
	at core/ucp_worker.c:2852
#18  0x145f6e064a2a in ???
#19  0x145f6e711c19 in ???
#20  0x145f6e7078ae in ???
#21  0x145f6ee8af38 in ???
#22  0x145f6ee91ac3 in ???
#23  0x145f6ee9300c in ???
#24  0x145f6ee874c2 in ???
#25  0x145f6f7e46f8 in ???
#26  0x145f6fac0791 in ???
#27  0x1cbec09 in __comms_MOD_comms_finalise
	at ../../../Source/Utility/comms.mpi.F90:765
#28  0x42d5f7 in __castep_MOD_castep_finalise
	at ../../../Source/Functional/castep.f90:7042
#29  0x40dec3 in MAIN__
	at ../../../Source/main.f90:101
#30  0x40a668 in main
	at ../../../Source/main.f90:32
#0  0x1e9aad6 in ???
#1  0x1e9a1a1 in ???
#2  0x148516d6b78f in ???
#3  0x148516db97ac in ???
#4  0x148516d6b6f1 in ???
#5  0x148516d554b1 in ???
#6  0x148516d56400 in ???
#7  0x148516dc3154 in ???
#8  0x148516dc647b in ???
#9  0x148516dc7358 in ???
#10  0x148515de422e in ucs_malloc
	at debug/memtrack.c:320
#11  0x1485131aa3c0 in uct_rc_mlx5_ep_t_cleanup
	at rc/accel/rc_mlx5_ep.c:1110
#12  0x148515df2a8d in ucs_class_call_cleanup_chain
	at type/class.c:56
#13  0x1485131b2747 in uct_rc_mlx5_ep_t_delete
	at rc/accel/rc_mlx5_ep.c:1139
#14  0x1485162ad34a in ucp_ep_cleanup_lanes
	at core/ucp_ep.c:1579
#15  0x1485162ad418 in ucp_ep_destroy_internal
	at core/ucp_ep.c:1282
#16  0x1485162bdaa1 in ucp_worker_destroy_eps
	at core/ucp_worker.c:2841
#17  0x1485162c2933 in ucp_worker_destroy
	at core/ucp_worker.c:2852
#18  0x148515d70a2a in ???
#19  0x148516911c19 in ???
#20  0x1485169078ae in ???
#21  0x14851708af38 in ???
#22  0x148517091ac3 in ???
#23  0x14851709300c in ???
#24  0x1485170874c2 in ???
#25  0x148517ce86f8 in ???
#26  0x148517d30791 in ???
#27  0x1cbec09 in __comms_MOD_comms_finalise
	at ../../../Source/Utility/comms.mpi.F90:765
#28  0x42d5f7 in __castep_MOD_castep_finalise
	at ../../../Source/Functional/castep.f90:7042
#29  0x40dec3 in MAIN__
	at ../../../Source/main.f90:101
#30  0x40a668 in main
	at ../../../Source/main.f90:32
srun: error: fc30624: task 19: Aborted
srun: Terminating StepId=10244472.0
srun: error: fc30623: tasks 9,14: Aborted
srun: error: fc30623: task 10: Terminated
srun: error: fc30569: tasks 2-4: Terminated
srun: Force Terminated StepId=10244472.0
