corrupted double-linked list

Program received signal SIGABRT: Process abort signal.

Backtrace for this error:
#0  0x1e9aad6 in ???
#1  0x1e9a1a1 in ???
#2  0x14777366378f in ???
#3  0x1477736b17ac in ???
#4  0x1477736636f1 in ???
#5  0x14777364d4b1 in ???
#6  0x14777364e400 in ???
#7  0x1477736bb154 in ???
#8  0x1477736bba63 in ???
#9  0x1477736bd0da in ???
#10  0x1477736bf8be in ???
#11  0x1477738ecd4c in ???
#12  0x14777385de89 in ???
#13  0x14777385e518 in ???
#14  0x14777353cc19 in ???
#15  0x1477735328ae in ???
#16  0x14777388af38 in ???
#17  0x147773891ac3 in ???
#18  0x14777389300c in ???
#19  0x1477738874c2 in ???
#20  0x1477745f26f8 in ???
#21  0x14777463a791 in ???
#22  0x1cbec09 in __comms_MOD_comms_finalise
	at ../../../Source/Utility/comms.mpi.F90:765
#23  0x42d5f7 in __castep_MOD_castep_finalise
	at ../../../Source/Functional/castep.f90:7042
#24  0x40dec3 in MAIN__
	at ../../../Source/main.f90:101
#25  0x40a668 in main
	at ../../../Source/main.f90:32
malloc(): unsorted double linked list corrupted

Program received signal SIGABRT: Process abort signal.

Backtrace for this error:
malloc(): unsorted double linked list corrupted

Program received signal SIGABRT: Process abort signal.

Backtrace for this error:
#0  0x1e9aad6 in ???
#0  0x1e9aad6 in ???
#1  0x1e9a1a1 in ???
#2  0x1485c8f6b78f in ???
#3  0x1485c8fb97ac in ???
#4  0x1485c8f6b6f1 in ???
#5  0x1485c8f554b1 in ???
#6  0x1485c8f56400 in ???
#7  0x1485c8fc3154 in ???
#8  0x1485c8fc647b in ???
#9  0x1485c8fc7358 in ???
#1  0x1e9a1a1 in ???
#2  0x15071df6b78f in ???
#3  0x15071dfb97ac in ???
#4  0x15071df6b6f1 in ???
#5  0x15071df554b1 in ???
#6  0x15071df56400 in ???
#7  0x15071dfc3154 in ???
#8  0x15071dfc647b in ???
#9  0x15071dfc7358 in ???
#10  0x1485c7f1222e in ucs_malloc
	at debug/memtrack.c:320
#10  0x15071cf1222e in ucs_malloc
	at debug/memtrack.c:320
#11  0x15071a3aa3c0 in uct_rc_mlx5_ep_t_cleanup
#11  0x1485c53aa3c0 in uct_rc_mlx5_ep_t_cleanup
	at rc/accel/rc_mlx5_ep.c:1110
#12  0x1485c7f20a8d in ucs_class_call_cleanup_chain
	at type/class.c:56
#13  0x1485c53b2747 in uct_rc_mlx5_ep_t_delete
	at rc/accel/rc_mlx5_ep.c:1139
	at rc/accel/rc_mlx5_ep.c:1110
#12  0x15071cf20a8d in ucs_class_call_cleanup_chain
	at type/class.c:56
#13  0x15071a3b2747 in uct_rc_mlx5_ep_t_delete
	at rc/accel/rc_mlx5_ep.c:1139
#14  0x15071cf7534a in ucp_ep_cleanup_lanes
	at core/ucp_ep.c:1579
#14  0x1485c7f7534a in ucp_ep_cleanup_lanes
#15  0x15071cf75418 in ucp_ep_destroy_internal
	at core/ucp_ep.c:1282
	at core/ucp_ep.c:1579
#15  0x1485c7f75418 in ucp_ep_destroy_internal
	at core/ucp_ep.c:1282
#16  0x15071cf85aa1 in ucp_worker_destroy_eps
	at core/ucp_worker.c:2841
#17  0x15071cf8a933 in ucp_worker_destroy
	at core/ucp_worker.c:2852
#16  0x1485c7f85aa1 in ucp_worker_destroy_eps
#18  0x15071d551a2a in ???
#19  0x15071db11c19 in ???
#20  0x15071db078ae in ???
#21  0x15071e28af38 in ???
#22  0x15071e291ac3 in ???
#23  0x15071e29300c in ???
#24  0x15071e2874c2 in ???
#25  0x15071ebe46f8 in ???
#26  0x15071eed2791 in ???
	at core/ucp_worker.c:2841
#17  0x1485c7f8a933 in ucp_worker_destroy
	at core/ucp_worker.c:2852
#18  0x1485c8551a2a in ???
#19  0x1485c8b11c19 in ???
#20  0x1485c8b078ae in ???
#21  0x1485c928af38 in ???
#22  0x1485c9291ac3 in ???
#23  0x1485c929300c in ???
#24  0x1485c92874c2 in ???
#25  0x1485c9be46f8 in ???
#26  0x1485c9ede791 in ???
#27  0x1cbec09 in __comms_MOD_comms_finalise
#27  0x1cbec09 in __comms_MOD_comms_finalise
	at ../../../Source/Utility/comms.mpi.F90:765
	at ../../../Source/Utility/comms.mpi.F90:765
#28  0x42d5f7 in __castep_MOD_castep_finalise
#28  0x42d5f7 in __castep_MOD_castep_finalise
	at ../../../Source/Functional/castep.f90:7042
#29  0x40dec3 in MAIN__
	at ../../../Source/main.f90:101
#30  0x40a668 in main
	at ../../../Source/main.f90:32
	at ../../../Source/Functional/castep.f90:7042
#29  0x40dec3 in MAIN__
	at ../../../Source/main.f90:101
#30  0x40a668 in main
	at ../../../Source/main.f90:32
srun: error: fc30642: task 4: Aborted
srun: Terminating StepId=10244408.0
slurmstepd: error: *** STEP 10244408.0 ON fc30642 CANCELLED AT 2025-11-03T10:01:38 ***
srun: error: fc30647: tasks 8,10-13,15: Terminated
srun: error: fc30647: tasks 9,14: Aborted
srun: error: fc30642: tasks 0-3,5-7: Terminated
srun: Force Terminated StepId=10244408.0
